2022-10-05 09:13:22,137 INFO [dump-all-ok] borrowservice-dev.yml+DEFAULT_GROUP, 1664791886407, length=455, md5=52a22bbfb816d259aa75c3e719c9c6cf

2022-10-05 10:59:58,234 INFO [dump-all-ok] borrowservice-dev.yml+DEFAULT_GROUP, 1664791886407, length=455, md5=52a22bbfb816d259aa75c3e719c9c6cf

2022-10-05 16:21:41,334 INFO [dump-all-ok] borrowservice-dev.yml+DEFAULT_GROUP, 1664791886407, length=455, md5=52a22bbfb816d259aa75c3e719c9c6cf

2022-10-05 17:55:33,967 INFO [dump-all-ok] borrowservice-dev.yml+DEFAULT_GROUP, 1664791886407, length=455, md5=52a22bbfb816d259aa75c3e719c9c6cf

2022-10-05 18:38:39,642 INFO [dump-all-ok] borrowservice-dev.yml+DEFAULT_GROUP, 1664791886407, length=455, md5=52a22bbfb816d259aa75c3e719c9c6cf

2022-10-05 18:40:31,163 INFO [dump-task] add task. groupKey=transport.type+SEATA_GROUP+7872ba05-825e-4dbb-9daf-71ccf39a35fd, taskKey=transport.type+SEATA_GROUP+7872ba05-825e-4dbb-9daf-71ccf39a35fd+false+null

2022-10-05 18:40:32,508 INFO [dump-task] add task. groupKey=transport.server+SEATA_GROUP+7872ba05-825e-4dbb-9daf-71ccf39a35fd, taskKey=transport.server+SEATA_GROUP+7872ba05-825e-4dbb-9daf-71ccf39a35fd+false+null

2022-10-05 18:40:34,032 INFO [dump-task] add task. groupKey=transport.heartbeat+SEATA_GROUP+7872ba05-825e-4dbb-9daf-71ccf39a35fd, taskKey=transport.heartbeat+SEATA_GROUP+7872ba05-825e-4dbb-9daf-71ccf39a35fd+false+null

2022-10-05 18:40:36,943 INFO [dump-task] add task. groupKey=transport.enableTmClientBatchSendRequest+SEATA_GROUP+7872ba05-825e-4dbb-9daf-71ccf39a35fd, taskKey=transport.enableTmClientBatchSendRequest+SEATA_GROUP+7872ba05-825e-4dbb-9daf-71ccf39a35fd+false+null

2022-10-05 18:40:39,785 INFO [dump-task] add task. groupKey=transport.enableRmClientBatchSendRequest+SEATA_GROUP+7872ba05-825e-4dbb-9daf-71ccf39a35fd, taskKey=transport.enableRmClientBatchSendRequest+SEATA_GROUP+7872ba05-825e-4dbb-9daf-71ccf39a35fd+false+null

2022-10-05 18:40:42,788 INFO [dump-task] add task. groupKey=transport.enableTcServerBatchSendResponse+SEATA_GROUP+7872ba05-825e-4dbb-9daf-71ccf39a35fd, taskKey=transport.enableTcServerBatchSendResponse+SEATA_GROUP+7872ba05-825e-4dbb-9daf-71ccf39a35fd+false+null

2022-10-05 18:40:45,044 INFO [dump-task] add task. groupKey=transport.rpcRmRequestTimeout+SEATA_GROUP+7872ba05-825e-4dbb-9daf-71ccf39a35fd, taskKey=transport.rpcRmRequestTimeout+SEATA_GROUP+7872ba05-825e-4dbb-9daf-71ccf39a35fd+false+null

2022-10-05 18:40:47,362 INFO [dump-task] add task. groupKey=transport.rpcTmRequestTimeout+SEATA_GROUP+7872ba05-825e-4dbb-9daf-71ccf39a35fd, taskKey=transport.rpcTmRequestTimeout+SEATA_GROUP+7872ba05-825e-4dbb-9daf-71ccf39a35fd+false+null

2022-10-05 18:40:49,506 INFO [dump-task] add task. groupKey=transport.rpcTcRequestTimeout+SEATA_GROUP+7872ba05-825e-4dbb-9daf-71ccf39a35fd, taskKey=transport.rpcTcRequestTimeout+SEATA_GROUP+7872ba05-825e-4dbb-9daf-71ccf39a35fd+false+null

2022-10-05 18:40:52,672 INFO [dump-task] add task. groupKey=transport.threadFactory.bossThreadPrefix+SEATA_GROUP+7872ba05-825e-4dbb-9daf-71ccf39a35fd, taskKey=transport.threadFactory.bossThreadPrefix+SEATA_GROUP+7872ba05-825e-4dbb-9daf-71ccf39a35fd+false+null

2022-10-05 18:40:56,463 INFO [dump-task] add task. groupKey=transport.threadFactory.workerThreadPrefix+SEATA_GROUP+7872ba05-825e-4dbb-9daf-71ccf39a35fd, taskKey=transport.threadFactory.workerThreadPrefix+SEATA_GROUP+7872ba05-825e-4dbb-9daf-71ccf39a35fd+false+null

2022-10-05 18:41:00,968 INFO [dump-task] add task. groupKey=transport.threadFactory.serverExecutorThreadPrefix+SEATA_GROUP+7872ba05-825e-4dbb-9daf-71ccf39a35fd, taskKey=transport.threadFactory.serverExecutorThreadPrefix+SEATA_GROUP+7872ba05-825e-4dbb-9daf-71ccf39a35fd+false+null

2022-10-05 18:41:03,769 INFO [dump-task] add task. groupKey=transport.threadFactory.shareBossWorker+SEATA_GROUP+7872ba05-825e-4dbb-9daf-71ccf39a35fd, taskKey=transport.threadFactory.shareBossWorker+SEATA_GROUP+7872ba05-825e-4dbb-9daf-71ccf39a35fd+false+null

2022-10-05 18:41:08,092 INFO [dump-task] add task. groupKey=transport.threadFactory.clientSelectorThreadPrefix+SEATA_GROUP+7872ba05-825e-4dbb-9daf-71ccf39a35fd, taskKey=transport.threadFactory.clientSelectorThreadPrefix+SEATA_GROUP+7872ba05-825e-4dbb-9daf-71ccf39a35fd+false+null

2022-10-05 18:41:11,254 INFO [dump-task] add task. groupKey=transport.threadFactory.clientSelectorThreadSize+SEATA_GROUP+7872ba05-825e-4dbb-9daf-71ccf39a35fd, taskKey=transport.threadFactory.clientSelectorThreadSize+SEATA_GROUP+7872ba05-825e-4dbb-9daf-71ccf39a35fd+false+null

2022-10-05 18:41:15,658 INFO [dump-task] add task. groupKey=transport.threadFactory.clientWorkerThreadPrefix+SEATA_GROUP+7872ba05-825e-4dbb-9daf-71ccf39a35fd, taskKey=transport.threadFactory.clientWorkerThreadPrefix+SEATA_GROUP+7872ba05-825e-4dbb-9daf-71ccf39a35fd+false+null

2022-10-05 18:41:18,153 INFO [dump-task] add task. groupKey=transport.threadFactory.bossThreadSize+SEATA_GROUP+7872ba05-825e-4dbb-9daf-71ccf39a35fd, taskKey=transport.threadFactory.bossThreadSize+SEATA_GROUP+7872ba05-825e-4dbb-9daf-71ccf39a35fd+false+null

2022-10-05 18:41:21,088 INFO [dump-task] add task. groupKey=transport.threadFactory.workerThreadSize+SEATA_GROUP+7872ba05-825e-4dbb-9daf-71ccf39a35fd, taskKey=transport.threadFactory.workerThreadSize+SEATA_GROUP+7872ba05-825e-4dbb-9daf-71ccf39a35fd+false+null

2022-10-05 18:41:22,753 INFO [dump-task] add task. groupKey=transport.shutdown.wait+SEATA_GROUP+7872ba05-825e-4dbb-9daf-71ccf39a35fd, taskKey=transport.shutdown.wait+SEATA_GROUP+7872ba05-825e-4dbb-9daf-71ccf39a35fd+false+null

2022-10-05 18:41:24,593 INFO [dump-task] add task. groupKey=transport.serialization+SEATA_GROUP+7872ba05-825e-4dbb-9daf-71ccf39a35fd, taskKey=transport.serialization+SEATA_GROUP+7872ba05-825e-4dbb-9daf-71ccf39a35fd+false+null

2022-10-05 18:41:26,239 INFO [dump-task] add task. groupKey=transport.compressor+SEATA_GROUP+7872ba05-825e-4dbb-9daf-71ccf39a35fd, taskKey=transport.compressor+SEATA_GROUP+7872ba05-825e-4dbb-9daf-71ccf39a35fd+false+null

2022-10-05 18:41:29,098 INFO [dump-task] add task. groupKey=service.vgroupMapping.default_tx_group+SEATA_GROUP+7872ba05-825e-4dbb-9daf-71ccf39a35fd, taskKey=service.vgroupMapping.default_tx_group+SEATA_GROUP+7872ba05-825e-4dbb-9daf-71ccf39a35fd+false+null

2022-10-05 18:41:31,673 INFO [dump-task] add task. groupKey=service.default.grouplist+SEATA_GROUP+7872ba05-825e-4dbb-9daf-71ccf39a35fd, taskKey=service.default.grouplist+SEATA_GROUP+7872ba05-825e-4dbb-9daf-71ccf39a35fd+false+null

2022-10-05 18:41:33,377 INFO [dump-task] add task. groupKey=service.enableDegrade+SEATA_GROUP+7872ba05-825e-4dbb-9daf-71ccf39a35fd, taskKey=service.enableDegrade+SEATA_GROUP+7872ba05-825e-4dbb-9daf-71ccf39a35fd+false+null

2022-10-05 18:41:35,795 INFO [dump-task] add task. groupKey=service.disableGlobalTransaction+SEATA_GROUP+7872ba05-825e-4dbb-9daf-71ccf39a35fd, taskKey=service.disableGlobalTransaction+SEATA_GROUP+7872ba05-825e-4dbb-9daf-71ccf39a35fd+false+null

2022-10-05 18:41:38,240 INFO [dump-task] add task. groupKey=client.rm.asyncCommitBufferLimit+SEATA_GROUP+7872ba05-825e-4dbb-9daf-71ccf39a35fd, taskKey=client.rm.asyncCommitBufferLimit+SEATA_GROUP+7872ba05-825e-4dbb-9daf-71ccf39a35fd+false+null

2022-10-05 18:41:40,228 INFO [dump-task] add task. groupKey=client.rm.lock.retryInterval+SEATA_GROUP+7872ba05-825e-4dbb-9daf-71ccf39a35fd, taskKey=client.rm.lock.retryInterval+SEATA_GROUP+7872ba05-825e-4dbb-9daf-71ccf39a35fd+false+null

2022-10-05 18:41:42,066 INFO [dump-task] add task. groupKey=client.rm.lock.retryTimes+SEATA_GROUP+7872ba05-825e-4dbb-9daf-71ccf39a35fd, taskKey=client.rm.lock.retryTimes+SEATA_GROUP+7872ba05-825e-4dbb-9daf-71ccf39a35fd+false+null

2022-10-05 18:41:45,454 INFO [dump-task] add task. groupKey=client.rm.lock.retryPolicyBranchRollbackOnConflict+SEATA_GROUP+7872ba05-825e-4dbb-9daf-71ccf39a35fd, taskKey=client.rm.lock.retryPolicyBranchRollbackOnConflict+SEATA_GROUP+7872ba05-825e-4dbb-9daf-71ccf39a35fd+false+null

2022-10-05 18:41:47,264 INFO [dump-task] add task. groupKey=client.rm.reportRetryCount+SEATA_GROUP+7872ba05-825e-4dbb-9daf-71ccf39a35fd, taskKey=client.rm.reportRetryCount+SEATA_GROUP+7872ba05-825e-4dbb-9daf-71ccf39a35fd+false+null

2022-10-05 18:41:49,584 INFO [dump-task] add task. groupKey=client.rm.tableMetaCheckEnable+SEATA_GROUP+7872ba05-825e-4dbb-9daf-71ccf39a35fd, taskKey=client.rm.tableMetaCheckEnable+SEATA_GROUP+7872ba05-825e-4dbb-9daf-71ccf39a35fd+false+null

2022-10-05 18:41:52,221 INFO [dump-task] add task. groupKey=client.rm.tableMetaCheckerInterval+SEATA_GROUP+7872ba05-825e-4dbb-9daf-71ccf39a35fd, taskKey=client.rm.tableMetaCheckerInterval+SEATA_GROUP+7872ba05-825e-4dbb-9daf-71ccf39a35fd+false+null

2022-10-05 18:41:54,018 INFO [dump-task] add task. groupKey=client.rm.sqlParserType+SEATA_GROUP+7872ba05-825e-4dbb-9daf-71ccf39a35fd, taskKey=client.rm.sqlParserType+SEATA_GROUP+7872ba05-825e-4dbb-9daf-71ccf39a35fd+false+null

2022-10-05 18:41:56,299 INFO [dump-task] add task. groupKey=client.rm.reportSuccessEnable+SEATA_GROUP+7872ba05-825e-4dbb-9daf-71ccf39a35fd, taskKey=client.rm.reportSuccessEnable+SEATA_GROUP+7872ba05-825e-4dbb-9daf-71ccf39a35fd+false+null

2022-10-05 18:41:58,790 INFO [dump-task] add task. groupKey=client.rm.sagaBranchRegisterEnable+SEATA_GROUP+7872ba05-825e-4dbb-9daf-71ccf39a35fd, taskKey=client.rm.sagaBranchRegisterEnable+SEATA_GROUP+7872ba05-825e-4dbb-9daf-71ccf39a35fd+false+null

2022-10-05 18:42:00,964 INFO [dump-task] add task. groupKey=client.rm.sagaJsonParser+SEATA_GROUP+7872ba05-825e-4dbb-9daf-71ccf39a35fd, taskKey=client.rm.sagaJsonParser+SEATA_GROUP+7872ba05-825e-4dbb-9daf-71ccf39a35fd+false+null

2022-10-05 18:42:03,964 INFO [dump-task] add task. groupKey=client.rm.tccActionInterceptorOrder+SEATA_GROUP+7872ba05-825e-4dbb-9daf-71ccf39a35fd, taskKey=client.rm.tccActionInterceptorOrder+SEATA_GROUP+7872ba05-825e-4dbb-9daf-71ccf39a35fd+false+null

2022-10-05 18:42:05,816 INFO [dump-task] add task. groupKey=client.tm.commitRetryCount+SEATA_GROUP+7872ba05-825e-4dbb-9daf-71ccf39a35fd, taskKey=client.tm.commitRetryCount+SEATA_GROUP+7872ba05-825e-4dbb-9daf-71ccf39a35fd+false+null

2022-10-05 18:42:07,798 INFO [dump-task] add task. groupKey=client.tm.rollbackRetryCount+SEATA_GROUP+7872ba05-825e-4dbb-9daf-71ccf39a35fd, taskKey=client.tm.rollbackRetryCount+SEATA_GROUP+7872ba05-825e-4dbb-9daf-71ccf39a35fd+false+null

2022-10-05 18:42:10,624 INFO [dump-task] add task. groupKey=client.tm.defaultGlobalTransactionTimeout+SEATA_GROUP+7872ba05-825e-4dbb-9daf-71ccf39a35fd, taskKey=client.tm.defaultGlobalTransactionTimeout+SEATA_GROUP+7872ba05-825e-4dbb-9daf-71ccf39a35fd+false+null

2022-10-05 18:42:12,410 INFO [dump-task] add task. groupKey=client.tm.degradeCheck+SEATA_GROUP+7872ba05-825e-4dbb-9daf-71ccf39a35fd, taskKey=client.tm.degradeCheck+SEATA_GROUP+7872ba05-825e-4dbb-9daf-71ccf39a35fd+false+null

2022-10-05 18:42:14,648 INFO [dump-task] add task. groupKey=client.tm.degradeCheckAllowTimes+SEATA_GROUP+7872ba05-825e-4dbb-9daf-71ccf39a35fd, taskKey=client.tm.degradeCheckAllowTimes+SEATA_GROUP+7872ba05-825e-4dbb-9daf-71ccf39a35fd+false+null

2022-10-05 18:42:16,752 INFO [dump-task] add task. groupKey=client.tm.degradeCheckPeriod+SEATA_GROUP+7872ba05-825e-4dbb-9daf-71ccf39a35fd, taskKey=client.tm.degradeCheckPeriod+SEATA_GROUP+7872ba05-825e-4dbb-9daf-71ccf39a35fd+false+null

2022-10-05 18:42:19,158 INFO [dump-task] add task. groupKey=client.tm.interceptorOrder+SEATA_GROUP+7872ba05-825e-4dbb-9daf-71ccf39a35fd, taskKey=client.tm.interceptorOrder+SEATA_GROUP+7872ba05-825e-4dbb-9daf-71ccf39a35fd+false+null

2022-10-05 18:42:21,126 INFO [dump-task] add task. groupKey=client.undo.dataValidation+SEATA_GROUP+7872ba05-825e-4dbb-9daf-71ccf39a35fd, taskKey=client.undo.dataValidation+SEATA_GROUP+7872ba05-825e-4dbb-9daf-71ccf39a35fd+false+null

2022-10-05 18:42:23,464 INFO [dump-task] add task. groupKey=client.undo.logSerialization+SEATA_GROUP+7872ba05-825e-4dbb-9daf-71ccf39a35fd, taskKey=client.undo.logSerialization+SEATA_GROUP+7872ba05-825e-4dbb-9daf-71ccf39a35fd+false+null

2022-10-05 18:42:25,805 INFO [dump-task] add task. groupKey=client.undo.onlyCareUpdateColumns+SEATA_GROUP+7872ba05-825e-4dbb-9daf-71ccf39a35fd, taskKey=client.undo.onlyCareUpdateColumns+SEATA_GROUP+7872ba05-825e-4dbb-9daf-71ccf39a35fd+false+null

2022-10-05 18:42:27,439 INFO [dump-task] add task. groupKey=server.undo.logSaveDays+SEATA_GROUP+7872ba05-825e-4dbb-9daf-71ccf39a35fd, taskKey=server.undo.logSaveDays+SEATA_GROUP+7872ba05-825e-4dbb-9daf-71ccf39a35fd+false+null

2022-10-05 18:42:29,654 INFO [dump-task] add task. groupKey=server.undo.logDeletePeriod+SEATA_GROUP+7872ba05-825e-4dbb-9daf-71ccf39a35fd, taskKey=server.undo.logDeletePeriod+SEATA_GROUP+7872ba05-825e-4dbb-9daf-71ccf39a35fd+false+null

2022-10-05 18:42:31,531 INFO [dump-task] add task. groupKey=client.undo.logTable+SEATA_GROUP+7872ba05-825e-4dbb-9daf-71ccf39a35fd, taskKey=client.undo.logTable+SEATA_GROUP+7872ba05-825e-4dbb-9daf-71ccf39a35fd+false+null

2022-10-05 18:42:33,623 INFO [dump-task] add task. groupKey=client.undo.compress.enable+SEATA_GROUP+7872ba05-825e-4dbb-9daf-71ccf39a35fd, taskKey=client.undo.compress.enable+SEATA_GROUP+7872ba05-825e-4dbb-9daf-71ccf39a35fd+false+null

2022-10-05 18:42:35,530 INFO [dump-task] add task. groupKey=client.undo.compress.type+SEATA_GROUP+7872ba05-825e-4dbb-9daf-71ccf39a35fd, taskKey=client.undo.compress.type+SEATA_GROUP+7872ba05-825e-4dbb-9daf-71ccf39a35fd+false+null

2022-10-05 18:42:37,709 INFO [dump-task] add task. groupKey=client.undo.compress.threshold+SEATA_GROUP+7872ba05-825e-4dbb-9daf-71ccf39a35fd, taskKey=client.undo.compress.threshold+SEATA_GROUP+7872ba05-825e-4dbb-9daf-71ccf39a35fd+false+null

2022-10-05 18:42:40,118 INFO [dump-task] add task. groupKey=tcc.fence.logTableName+SEATA_GROUP+7872ba05-825e-4dbb-9daf-71ccf39a35fd, taskKey=tcc.fence.logTableName+SEATA_GROUP+7872ba05-825e-4dbb-9daf-71ccf39a35fd+false+null

2022-10-05 18:42:41,708 INFO [dump-task] add task. groupKey=tcc.fence.cleanPeriod+SEATA_GROUP+7872ba05-825e-4dbb-9daf-71ccf39a35fd, taskKey=tcc.fence.cleanPeriod+SEATA_GROUP+7872ba05-825e-4dbb-9daf-71ccf39a35fd+false+null

2022-10-05 18:42:43,090 INFO [dump-task] add task. groupKey=log.exceptionRate+SEATA_GROUP+7872ba05-825e-4dbb-9daf-71ccf39a35fd, taskKey=log.exceptionRate+SEATA_GROUP+7872ba05-825e-4dbb-9daf-71ccf39a35fd+false+null

2022-10-05 18:42:44,150 INFO [dump-task] add task. groupKey=store.mode+SEATA_GROUP+7872ba05-825e-4dbb-9daf-71ccf39a35fd, taskKey=store.mode+SEATA_GROUP+7872ba05-825e-4dbb-9daf-71ccf39a35fd+false+null

2022-10-05 18:42:45,492 INFO [dump-task] add task. groupKey=store.lock.mode+SEATA_GROUP+7872ba05-825e-4dbb-9daf-71ccf39a35fd, taskKey=store.lock.mode+SEATA_GROUP+7872ba05-825e-4dbb-9daf-71ccf39a35fd+false+null

2022-10-05 18:42:47,034 INFO [dump-task] add task. groupKey=store.session.mode+SEATA_GROUP+7872ba05-825e-4dbb-9daf-71ccf39a35fd, taskKey=store.session.mode+SEATA_GROUP+7872ba05-825e-4dbb-9daf-71ccf39a35fd+false+null

2022-10-05 18:42:50,263 INFO [dump-task] add task. groupKey=store.file.dir+SEATA_GROUP+7872ba05-825e-4dbb-9daf-71ccf39a35fd, taskKey=store.file.dir+SEATA_GROUP+7872ba05-825e-4dbb-9daf-71ccf39a35fd+false+null

2022-10-05 18:42:52,637 INFO [dump-task] add task. groupKey=store.file.maxBranchSessionSize+SEATA_GROUP+7872ba05-825e-4dbb-9daf-71ccf39a35fd, taskKey=store.file.maxBranchSessionSize+SEATA_GROUP+7872ba05-825e-4dbb-9daf-71ccf39a35fd+false+null

2022-10-05 18:42:54,882 INFO [dump-task] add task. groupKey=store.file.maxGlobalSessionSize+SEATA_GROUP+7872ba05-825e-4dbb-9daf-71ccf39a35fd, taskKey=store.file.maxGlobalSessionSize+SEATA_GROUP+7872ba05-825e-4dbb-9daf-71ccf39a35fd+false+null

2022-10-05 18:42:57,467 INFO [dump-task] add task. groupKey=store.file.fileWriteBufferCacheSize+SEATA_GROUP+7872ba05-825e-4dbb-9daf-71ccf39a35fd, taskKey=store.file.fileWriteBufferCacheSize+SEATA_GROUP+7872ba05-825e-4dbb-9daf-71ccf39a35fd+false+null

2022-10-05 18:42:59,343 INFO [dump-task] add task. groupKey=store.file.flushDiskMode+SEATA_GROUP+7872ba05-825e-4dbb-9daf-71ccf39a35fd, taskKey=store.file.flushDiskMode+SEATA_GROUP+7872ba05-825e-4dbb-9daf-71ccf39a35fd+false+null

2022-10-05 18:43:01,647 INFO [dump-task] add task. groupKey=store.file.sessionReloadReadSize+SEATA_GROUP+7872ba05-825e-4dbb-9daf-71ccf39a35fd, taskKey=store.file.sessionReloadReadSize+SEATA_GROUP+7872ba05-825e-4dbb-9daf-71ccf39a35fd+false+null

2022-10-05 18:43:03,236 INFO [dump-task] add task. groupKey=store.db.datasource+SEATA_GROUP+7872ba05-825e-4dbb-9daf-71ccf39a35fd, taskKey=store.db.datasource+SEATA_GROUP+7872ba05-825e-4dbb-9daf-71ccf39a35fd+false+null

2022-10-05 18:43:04,673 INFO [dump-task] add task. groupKey=store.db.dbType+SEATA_GROUP+7872ba05-825e-4dbb-9daf-71ccf39a35fd, taskKey=store.db.dbType+SEATA_GROUP+7872ba05-825e-4dbb-9daf-71ccf39a35fd+false+null

2022-10-05 18:43:07,576 INFO [dump-task] add task. groupKey=store.db.driverClassName+SEATA_GROUP+7872ba05-825e-4dbb-9daf-71ccf39a35fd, taskKey=store.db.driverClassName+SEATA_GROUP+7872ba05-825e-4dbb-9daf-71ccf39a35fd+false+null

2022-10-05 18:43:13,158 INFO [dump-task] add task. groupKey=store.db.url+SEATA_GROUP+7872ba05-825e-4dbb-9daf-71ccf39a35fd, taskKey=store.db.url+SEATA_GROUP+7872ba05-825e-4dbb-9daf-71ccf39a35fd+false+null

2022-10-05 18:43:14,613 INFO [dump-task] add task. groupKey=store.db.user+SEATA_GROUP+7872ba05-825e-4dbb-9daf-71ccf39a35fd, taskKey=store.db.user+SEATA_GROUP+7872ba05-825e-4dbb-9daf-71ccf39a35fd+false+null

2022-10-05 18:43:16,341 INFO [dump-task] add task. groupKey=store.db.password+SEATA_GROUP+7872ba05-825e-4dbb-9daf-71ccf39a35fd, taskKey=store.db.password+SEATA_GROUP+7872ba05-825e-4dbb-9daf-71ccf39a35fd+false+null

2022-10-05 18:43:17,466 INFO [dump-task] add task. groupKey=store.db.minConn+SEATA_GROUP+7872ba05-825e-4dbb-9daf-71ccf39a35fd, taskKey=store.db.minConn+SEATA_GROUP+7872ba05-825e-4dbb-9daf-71ccf39a35fd+false+null

2022-10-05 18:43:18,737 INFO [dump-task] add task. groupKey=store.db.maxConn+SEATA_GROUP+7872ba05-825e-4dbb-9daf-71ccf39a35fd, taskKey=store.db.maxConn+SEATA_GROUP+7872ba05-825e-4dbb-9daf-71ccf39a35fd+false+null

2022-10-05 18:43:20,815 INFO [dump-task] add task. groupKey=store.db.globalTable+SEATA_GROUP+7872ba05-825e-4dbb-9daf-71ccf39a35fd, taskKey=store.db.globalTable+SEATA_GROUP+7872ba05-825e-4dbb-9daf-71ccf39a35fd+false+null

2022-10-05 18:43:22,979 INFO [dump-task] add task. groupKey=store.db.branchTable+SEATA_GROUP+7872ba05-825e-4dbb-9daf-71ccf39a35fd, taskKey=store.db.branchTable+SEATA_GROUP+7872ba05-825e-4dbb-9daf-71ccf39a35fd+false+null

2022-10-05 18:43:25,824 INFO [dump-task] add task. groupKey=store.db.distributedLockTable+SEATA_GROUP+7872ba05-825e-4dbb-9daf-71ccf39a35fd, taskKey=store.db.distributedLockTable+SEATA_GROUP+7872ba05-825e-4dbb-9daf-71ccf39a35fd+false+null

2022-10-05 18:43:27,320 INFO [dump-task] add task. groupKey=store.db.queryLimit+SEATA_GROUP+7872ba05-825e-4dbb-9daf-71ccf39a35fd, taskKey=store.db.queryLimit+SEATA_GROUP+7872ba05-825e-4dbb-9daf-71ccf39a35fd+false+null

2022-10-05 18:43:29,246 INFO [dump-task] add task. groupKey=store.db.lockTable+SEATA_GROUP+7872ba05-825e-4dbb-9daf-71ccf39a35fd, taskKey=store.db.lockTable+SEATA_GROUP+7872ba05-825e-4dbb-9daf-71ccf39a35fd+false+null

2022-10-05 18:43:30,691 INFO [dump-task] add task. groupKey=store.db.maxWait+SEATA_GROUP+7872ba05-825e-4dbb-9daf-71ccf39a35fd, taskKey=store.db.maxWait+SEATA_GROUP+7872ba05-825e-4dbb-9daf-71ccf39a35fd+false+null

2022-10-05 18:43:32,180 INFO [dump-task] add task. groupKey=store.redis.mode+SEATA_GROUP+7872ba05-825e-4dbb-9daf-71ccf39a35fd, taskKey=store.redis.mode+SEATA_GROUP+7872ba05-825e-4dbb-9daf-71ccf39a35fd+false+null

2022-10-05 18:43:34,301 INFO [dump-task] add task. groupKey=store.redis.single.host+SEATA_GROUP+7872ba05-825e-4dbb-9daf-71ccf39a35fd, taskKey=store.redis.single.host+SEATA_GROUP+7872ba05-825e-4dbb-9daf-71ccf39a35fd+false+null

2022-10-05 18:43:36,112 INFO [dump-task] add task. groupKey=store.redis.single.port+SEATA_GROUP+7872ba05-825e-4dbb-9daf-71ccf39a35fd, taskKey=store.redis.single.port+SEATA_GROUP+7872ba05-825e-4dbb-9daf-71ccf39a35fd+false+null

2022-10-05 18:43:41,881 INFO [dump-task] add task. groupKey=store.redis.maxConn+SEATA_GROUP+7872ba05-825e-4dbb-9daf-71ccf39a35fd, taskKey=store.redis.maxConn+SEATA_GROUP+7872ba05-825e-4dbb-9daf-71ccf39a35fd+false+null

2022-10-05 18:43:43,286 INFO [dump-task] add task. groupKey=store.redis.minConn+SEATA_GROUP+7872ba05-825e-4dbb-9daf-71ccf39a35fd, taskKey=store.redis.minConn+SEATA_GROUP+7872ba05-825e-4dbb-9daf-71ccf39a35fd+false+null

2022-10-05 18:43:44,845 INFO [dump-task] add task. groupKey=store.redis.maxTotal+SEATA_GROUP+7872ba05-825e-4dbb-9daf-71ccf39a35fd, taskKey=store.redis.maxTotal+SEATA_GROUP+7872ba05-825e-4dbb-9daf-71ccf39a35fd+false+null

2022-10-05 18:43:46,331 INFO [dump-task] add task. groupKey=store.redis.database+SEATA_GROUP+7872ba05-825e-4dbb-9daf-71ccf39a35fd, taskKey=store.redis.database+SEATA_GROUP+7872ba05-825e-4dbb-9daf-71ccf39a35fd+false+null

2022-10-05 18:43:49,537 INFO [dump-task] add task. groupKey=store.redis.queryLimit+SEATA_GROUP+7872ba05-825e-4dbb-9daf-71ccf39a35fd, taskKey=store.redis.queryLimit+SEATA_GROUP+7872ba05-825e-4dbb-9daf-71ccf39a35fd+false+null

2022-10-05 18:43:52,172 INFO [dump-task] add task. groupKey=server.recovery.committingRetryPeriod+SEATA_GROUP+7872ba05-825e-4dbb-9daf-71ccf39a35fd, taskKey=server.recovery.committingRetryPeriod+SEATA_GROUP+7872ba05-825e-4dbb-9daf-71ccf39a35fd+false+null

2022-10-05 18:43:55,082 INFO [dump-task] add task. groupKey=server.recovery.asynCommittingRetryPeriod+SEATA_GROUP+7872ba05-825e-4dbb-9daf-71ccf39a35fd, taskKey=server.recovery.asynCommittingRetryPeriod+SEATA_GROUP+7872ba05-825e-4dbb-9daf-71ccf39a35fd+false+null

2022-10-05 18:43:57,758 INFO [dump-task] add task. groupKey=server.recovery.rollbackingRetryPeriod+SEATA_GROUP+7872ba05-825e-4dbb-9daf-71ccf39a35fd, taskKey=server.recovery.rollbackingRetryPeriod+SEATA_GROUP+7872ba05-825e-4dbb-9daf-71ccf39a35fd+false+null

2022-10-05 18:44:00,193 INFO [dump-task] add task. groupKey=server.recovery.timeoutRetryPeriod+SEATA_GROUP+7872ba05-825e-4dbb-9daf-71ccf39a35fd, taskKey=server.recovery.timeoutRetryPeriod+SEATA_GROUP+7872ba05-825e-4dbb-9daf-71ccf39a35fd+false+null

2022-10-05 18:44:02,130 INFO [dump-task] add task. groupKey=server.maxCommitRetryTimeout+SEATA_GROUP+7872ba05-825e-4dbb-9daf-71ccf39a35fd, taskKey=server.maxCommitRetryTimeout+SEATA_GROUP+7872ba05-825e-4dbb-9daf-71ccf39a35fd+false+null

2022-10-05 18:44:04,281 INFO [dump-task] add task. groupKey=server.maxRollbackRetryTimeout+SEATA_GROUP+7872ba05-825e-4dbb-9daf-71ccf39a35fd, taskKey=server.maxRollbackRetryTimeout+SEATA_GROUP+7872ba05-825e-4dbb-9daf-71ccf39a35fd+false+null

2022-10-05 18:44:07,047 INFO [dump-task] add task. groupKey=server.rollbackRetryTimeoutUnlockEnable+SEATA_GROUP+7872ba05-825e-4dbb-9daf-71ccf39a35fd, taskKey=server.rollbackRetryTimeoutUnlockEnable+SEATA_GROUP+7872ba05-825e-4dbb-9daf-71ccf39a35fd+false+null

2022-10-05 18:44:09,484 INFO [dump-task] add task. groupKey=server.distributedLockExpireTime+SEATA_GROUP+7872ba05-825e-4dbb-9daf-71ccf39a35fd, taskKey=server.distributedLockExpireTime+SEATA_GROUP+7872ba05-825e-4dbb-9daf-71ccf39a35fd+false+null

2022-10-05 18:44:11,619 INFO [dump-task] add task. groupKey=server.xaerNotaRetryTimeout+SEATA_GROUP+7872ba05-825e-4dbb-9daf-71ccf39a35fd, taskKey=server.xaerNotaRetryTimeout+SEATA_GROUP+7872ba05-825e-4dbb-9daf-71ccf39a35fd+false+null

2022-10-05 18:44:14,233 INFO [dump-task] add task. groupKey=server.session.branchAsyncQueueSize+SEATA_GROUP+7872ba05-825e-4dbb-9daf-71ccf39a35fd, taskKey=server.session.branchAsyncQueueSize+SEATA_GROUP+7872ba05-825e-4dbb-9daf-71ccf39a35fd+false+null

2022-10-05 18:44:17,030 INFO [dump-task] add task. groupKey=server.session.enableBranchAsyncRemove+SEATA_GROUP+7872ba05-825e-4dbb-9daf-71ccf39a35fd, taskKey=server.session.enableBranchAsyncRemove+SEATA_GROUP+7872ba05-825e-4dbb-9daf-71ccf39a35fd+false+null

2022-10-05 18:44:19,586 INFO [dump-task] add task. groupKey=server.enableParallelRequestHandle+SEATA_GROUP+7872ba05-825e-4dbb-9daf-71ccf39a35fd, taskKey=server.enableParallelRequestHandle+SEATA_GROUP+7872ba05-825e-4dbb-9daf-71ccf39a35fd+false+null

2022-10-05 18:44:21,004 INFO [dump-task] add task. groupKey=metrics.enabled+SEATA_GROUP+7872ba05-825e-4dbb-9daf-71ccf39a35fd, taskKey=metrics.enabled+SEATA_GROUP+7872ba05-825e-4dbb-9daf-71ccf39a35fd+false+null

2022-10-05 18:44:22,856 INFO [dump-task] add task. groupKey=metrics.registryType+SEATA_GROUP+7872ba05-825e-4dbb-9daf-71ccf39a35fd, taskKey=metrics.registryType+SEATA_GROUP+7872ba05-825e-4dbb-9daf-71ccf39a35fd+false+null

2022-10-05 18:44:24,864 INFO [dump-task] add task. groupKey=metrics.exporterList+SEATA_GROUP+7872ba05-825e-4dbb-9daf-71ccf39a35fd, taskKey=metrics.exporterList+SEATA_GROUP+7872ba05-825e-4dbb-9daf-71ccf39a35fd+false+null

2022-10-05 18:44:27,047 INFO [dump-task] add task. groupKey=metrics.exporterPrometheusPort+SEATA_GROUP+7872ba05-825e-4dbb-9daf-71ccf39a35fd, taskKey=metrics.exporterPrometheusPort+SEATA_GROUP+7872ba05-825e-4dbb-9daf-71ccf39a35fd+false+null

2022-10-05 18:49:24,047 INFO [dump-task] add task. groupKey=service.vgroupMapping.bookservice-service-seata-service-group+SEATA_GROUP+7872ba05-825e-4dbb-9daf-71ccf39a35fd, taskKey=service.vgroupMapping.bookservice-service-seata-service-group+SEATA_GROUP+7872ba05-825e-4dbb-9daf-71ccf39a35fd+false+null

2022-10-05 18:50:01,303 INFO [dump-task] add task. groupKey=service.vgroupMapping.userservice-service-seata-service-group+SEATA_GROUP+7872ba05-825e-4dbb-9daf-71ccf39a35fd, taskKey=service.vgroupMapping.userservice-service-seata-service-group+SEATA_GROUP+7872ba05-825e-4dbb-9daf-71ccf39a35fd+false+null

2022-10-05 18:50:12,562 INFO [dump-task] add task. groupKey=service.vgroupMapping.borrowservice-service-seata-service-group+SEATA_GROUP+7872ba05-825e-4dbb-9daf-71ccf39a35fd, taskKey=service.vgroupMapping.borrowservice-service-seata-service-group+SEATA_GROUP+7872ba05-825e-4dbb-9daf-71ccf39a35fd+false+null

2022-10-05 18:58:45,116 INFO [dump-all-ok] borrowservice-dev.yml+DEFAULT_GROUP, 1664791886407, length=455, md5=52a22bbfb816d259aa75c3e719c9c6cf

2022-10-05 18:58:45,116 INFO [dump-all-ok] transport.type+SEATA_GROUP, 1664966431062, length=3, md5=b136ef5f6a01d816991fe3cf7a6ac763

2022-10-05 18:58:45,116 INFO [dump-all-ok] transport.server+SEATA_GROUP, 1664966432497, length=3, md5=b6d9dfc0fb54277321cebc0fff55df2f

2022-10-05 18:58:45,116 INFO [dump-all-ok] transport.heartbeat+SEATA_GROUP, 1664966434027, length=4, md5=b326b5062b2f0e69046810717534cb09

2022-10-05 18:58:45,116 INFO [dump-all-ok] transport.enableTmClientBatchSendRequest+SEATA_GROUP, 1664966436940, length=5, md5=68934a3e9455fa72420237eb05902327

2022-10-05 18:58:45,116 INFO [dump-all-ok] transport.enableRmClientBatchSendRequest+SEATA_GROUP, 1664966439781, length=4, md5=b326b5062b2f0e69046810717534cb09

2022-10-05 18:58:45,117 INFO [dump-all-ok] transport.enableTcServerBatchSendResponse+SEATA_GROUP, 1664966442785, length=5, md5=68934a3e9455fa72420237eb05902327

2022-10-05 18:58:45,117 INFO [dump-all-ok] transport.rpcRmRequestTimeout+SEATA_GROUP, 1664966445039, length=5, md5=5ecc613150de01b7e6824594426f24f4

2022-10-05 18:58:45,117 INFO [dump-all-ok] transport.rpcTmRequestTimeout+SEATA_GROUP, 1664966447358, length=5, md5=5ecc613150de01b7e6824594426f24f4

2022-10-05 18:58:45,117 INFO [dump-all-ok] transport.rpcTcRequestTimeout+SEATA_GROUP, 1664966449501, length=5, md5=5ecc613150de01b7e6824594426f24f4

2022-10-05 18:58:45,117 INFO [dump-all-ok] transport.threadFactory.bossThreadPrefix+SEATA_GROUP, 1664966452669, length=9, md5=0f8db59a3b7f2823f38a70c308361836

2022-10-05 18:58:45,118 INFO [dump-all-ok] transport.threadFactory.workerThreadPrefix+SEATA_GROUP, 1664966456460, length=20, md5=a78ec7ef5d1631754c4e72ae8a3e9205

2022-10-05 18:58:45,118 INFO [dump-all-ok] transport.threadFactory.serverExecutorThreadPrefix+SEATA_GROUP, 1664966460964, length=21, md5=11a36309f3d9df84fa8b59cf071fa2da

2022-10-05 18:58:45,118 INFO [dump-all-ok] transport.threadFactory.shareBossWorker+SEATA_GROUP, 1664966463765, length=5, md5=68934a3e9455fa72420237eb05902327

2022-10-05 18:58:45,118 INFO [dump-all-ok] transport.threadFactory.clientSelectorThreadPrefix+SEATA_GROUP, 1664966468087, length=19, md5=cd7ec5a06541e75f5a7913752322c3af

2022-10-05 18:58:45,118 INFO [dump-all-ok] transport.threadFactory.clientSelectorThreadSize+SEATA_GROUP, 1664966471251, length=1, md5=c4ca4238a0b923820dcc509a6f75849b

2022-10-05 18:58:45,118 INFO [dump-all-ok] transport.threadFactory.clientWorkerThreadPrefix+SEATA_GROUP, 1664966475654, length=23, md5=61cf4e69a56354cf72f46dc86414a57e

2022-10-05 18:58:45,119 INFO [dump-all-ok] transport.threadFactory.bossThreadSize+SEATA_GROUP, 1664966478150, length=1, md5=c4ca4238a0b923820dcc509a6f75849b

2022-10-05 18:58:45,119 INFO [dump-all-ok] transport.threadFactory.workerThreadSize+SEATA_GROUP, 1664966481085, length=7, md5=c21f969b5f03d33d43e04f8f136e7682

2022-10-05 18:58:45,119 INFO [dump-all-ok] transport.shutdown.wait+SEATA_GROUP, 1664966482749, length=1, md5=eccbc87e4b5ce2fe28308fd9f2a7baf3

2022-10-05 18:58:45,119 INFO [dump-all-ok] transport.serialization+SEATA_GROUP, 1664966484590, length=5, md5=b943081c423b9a5416a706524ee05d40

2022-10-05 18:58:45,119 INFO [dump-all-ok] transport.compressor+SEATA_GROUP, 1664966486236, length=4, md5=334c4a4c42fdb79d7ebc3e73b517e6f8

2022-10-05 18:58:45,119 INFO [dump-all-ok] service.vgroupMapping.default_tx_group+SEATA_GROUP, 1664966489096, length=7, md5=c21f969b5f03d33d43e04f8f136e7682

2022-10-05 18:58:45,119 INFO [dump-all-ok] service.default.grouplist+SEATA_GROUP, 1664966491670, length=14, md5=c32ce0d3e264525dcdada751f98143a3

2022-10-05 18:58:45,119 INFO [dump-all-ok] service.enableDegrade+SEATA_GROUP, 1664966493375, length=5, md5=68934a3e9455fa72420237eb05902327

2022-10-05 18:58:45,119 INFO [dump-all-ok] service.disableGlobalTransaction+SEATA_GROUP, 1664966495791, length=5, md5=68934a3e9455fa72420237eb05902327

2022-10-05 18:58:45,120 INFO [dump-all-ok] client.rm.asyncCommitBufferLimit+SEATA_GROUP, 1664966498237, length=5, md5=b7a782741f667201b54880c925faec4b

2022-10-05 18:58:45,120 INFO [dump-all-ok] client.rm.lock.retryInterval+SEATA_GROUP, 1664966500225, length=2, md5=d3d9446802a44259755d38e6d163e820

2022-10-05 18:58:45,120 INFO [dump-all-ok] client.rm.lock.retryTimes+SEATA_GROUP, 1664966502063, length=2, md5=34173cb38f07f89ddbebc2ac9128303f

2022-10-05 18:58:45,120 INFO [dump-all-ok] client.rm.lock.retryPolicyBranchRollbackOnConflict+SEATA_GROUP, 1664966505451, length=4, md5=b326b5062b2f0e69046810717534cb09

2022-10-05 18:58:45,120 INFO [dump-all-ok] client.rm.reportRetryCount+SEATA_GROUP, 1664966507261, length=1, md5=e4da3b7fbbce2345d7772b0674a318d5

2022-10-05 18:58:45,120 INFO [dump-all-ok] client.rm.tableMetaCheckEnable+SEATA_GROUP, 1664966509582, length=4, md5=b326b5062b2f0e69046810717534cb09

2022-10-05 18:58:45,120 INFO [dump-all-ok] client.rm.tableMetaCheckerInterval+SEATA_GROUP, 1664966512218, length=5, md5=2b4226dd7ed6eb2d419b881f3ae9c97c

2022-10-05 18:58:45,121 INFO [dump-all-ok] client.rm.sqlParserType+SEATA_GROUP, 1664966514014, length=5, md5=3d650fb8a5df01600281d48c47c9fa60

2022-10-05 18:58:45,121 INFO [dump-all-ok] client.rm.reportSuccessEnable+SEATA_GROUP, 1664966516296, length=5, md5=68934a3e9455fa72420237eb05902327

2022-10-05 18:58:45,121 INFO [dump-all-ok] client.rm.sagaBranchRegisterEnable+SEATA_GROUP, 1664966518786, length=5, md5=68934a3e9455fa72420237eb05902327

2022-10-05 18:58:45,121 INFO [dump-all-ok] client.rm.sagaJsonParser+SEATA_GROUP, 1664966520961, length=8, md5=d00d3dbc0834f08411c7b6c4c39e9f00

2022-10-05 18:58:45,121 INFO [dump-all-ok] client.rm.tccActionInterceptorOrder+SEATA_GROUP, 1664966523962, length=11, md5=f056d9efa5dae3872f9da035c83bcde8

2022-10-05 18:58:45,121 INFO [dump-all-ok] client.tm.commitRetryCount+SEATA_GROUP, 1664966525813, length=1, md5=e4da3b7fbbce2345d7772b0674a318d5

2022-10-05 18:58:45,121 INFO [dump-all-ok] client.tm.rollbackRetryCount+SEATA_GROUP, 1664966527795, length=1, md5=e4da3b7fbbce2345d7772b0674a318d5

2022-10-05 18:58:45,121 INFO [dump-all-ok] client.tm.defaultGlobalTransactionTimeout+SEATA_GROUP, 1664966530622, length=5, md5=2b4226dd7ed6eb2d419b881f3ae9c97c

2022-10-05 18:58:45,121 INFO [dump-all-ok] client.tm.degradeCheck+SEATA_GROUP, 1664966532408, length=5, md5=68934a3e9455fa72420237eb05902327

2022-10-05 18:58:45,121 INFO [dump-all-ok] client.tm.degradeCheckAllowTimes+SEATA_GROUP, 1664966534645, length=2, md5=d3d9446802a44259755d38e6d163e820

2022-10-05 18:58:45,122 INFO [dump-all-ok] client.tm.degradeCheckPeriod+SEATA_GROUP, 1664966536749, length=4, md5=08f90c1a417155361a5c4b8d297e0d78

2022-10-05 18:58:45,122 INFO [dump-all-ok] client.tm.interceptorOrder+SEATA_GROUP, 1664966539155, length=11, md5=f056d9efa5dae3872f9da035c83bcde8

2022-10-05 18:58:45,122 INFO [dump-all-ok] client.undo.dataValidation+SEATA_GROUP, 1664966541124, length=4, md5=b326b5062b2f0e69046810717534cb09

2022-10-05 18:58:45,122 INFO [dump-all-ok] client.undo.logSerialization+SEATA_GROUP, 1664966543462, length=7, md5=b41779690b83f182acc67d6388c7bac9

2022-10-05 18:58:45,122 INFO [dump-all-ok] client.undo.onlyCareUpdateColumns+SEATA_GROUP, 1664966545803, length=4, md5=b326b5062b2f0e69046810717534cb09

2022-10-05 18:58:45,122 INFO [dump-all-ok] server.undo.logSaveDays+SEATA_GROUP, 1664966547437, length=1, md5=8f14e45fceea167a5a36dedd4bea2543

2022-10-05 18:58:45,122 INFO [dump-all-ok] server.undo.logDeletePeriod+SEATA_GROUP, 1664966549652, length=8, md5=f4c122804fe9076cb2710f55c3c6e346

2022-10-05 18:58:45,122 INFO [dump-all-ok] client.undo.logTable+SEATA_GROUP, 1664966551527, length=8, md5=2842d229c24afe9e61437135e8306614

2022-10-05 18:58:45,122 INFO [dump-all-ok] client.undo.compress.enable+SEATA_GROUP, 1664966553616, length=4, md5=b326b5062b2f0e69046810717534cb09

2022-10-05 18:58:45,122 INFO [dump-all-ok] client.undo.compress.type+SEATA_GROUP, 1664966555528, length=3, md5=adcdbd79a8d84175c229b192aadc02f2

2022-10-05 18:58:45,122 INFO [dump-all-ok] client.undo.compress.threshold+SEATA_GROUP, 1664966557706, length=3, md5=bd44a6458bdbff0b5cac721ba361f035

2022-10-05 18:58:45,123 INFO [dump-all-ok] tcc.fence.logTableName+SEATA_GROUP, 1664966560116, length=13, md5=db229b665c7cfd5abc03971d4ed284c6

2022-10-05 18:58:45,123 INFO [dump-all-ok] tcc.fence.cleanPeriod+SEATA_GROUP, 1664966561704, length=2, md5=7c68645d71b803bf0ba2f22519f73e08

2022-10-05 18:58:45,123 INFO [dump-all-ok] log.exceptionRate+SEATA_GROUP, 1664966563088, length=3, md5=f899139df5e1059396431415e770c6dd

2022-10-05 18:58:45,123 INFO [dump-all-ok] store.mode+SEATA_GROUP, 1664966564147, length=4, md5=8c7dd922ad47494fc02c388e12c00eac

2022-10-05 18:58:45,123 INFO [dump-all-ok] store.lock.mode+SEATA_GROUP, 1664966565490, length=4, md5=8c7dd922ad47494fc02c388e12c00eac

2022-10-05 18:58:45,123 INFO [dump-all-ok] store.session.mode+SEATA_GROUP, 1664966567031, length=4, md5=8c7dd922ad47494fc02c388e12c00eac

2022-10-05 18:58:45,123 INFO [dump-all-ok] store.file.dir+SEATA_GROUP, 1664966570260, length=15, md5=6a8dec07c44c33a8a9247cba5710bbb2

2022-10-05 18:58:45,124 INFO [dump-all-ok] store.file.maxBranchSessionSize+SEATA_GROUP, 1664966572635, length=5, md5=c76fe1d8e08462434d800487585be217

2022-10-05 18:58:45,124 INFO [dump-all-ok] store.file.maxGlobalSessionSize+SEATA_GROUP, 1664966574875, length=3, md5=10a7cdd970fe135cf4f7bb55c0e3b59f

2022-10-05 18:58:45,124 INFO [dump-all-ok] store.file.fileWriteBufferCacheSize+SEATA_GROUP, 1664966577463, length=5, md5=c76fe1d8e08462434d800487585be217

2022-10-05 18:58:45,124 INFO [dump-all-ok] store.file.flushDiskMode+SEATA_GROUP, 1664966579342, length=5, md5=0df93e34273b367bb63bad28c94c78d5

2022-10-05 18:58:45,124 INFO [dump-all-ok] store.file.sessionReloadReadSize+SEATA_GROUP, 1664966581644, length=3, md5=f899139df5e1059396431415e770c6dd

2022-10-05 18:58:45,124 INFO [dump-all-ok] store.db.datasource+SEATA_GROUP, 1664966583234, length=5, md5=3d650fb8a5df01600281d48c47c9fa60

2022-10-05 18:58:45,124 INFO [dump-all-ok] store.db.dbType+SEATA_GROUP, 1664966584671, length=5, md5=81c3b080dad537de7e10e0987a4bf52e

2022-10-05 18:58:45,125 INFO [dump-all-ok] store.db.driverClassName+SEATA_GROUP, 1664966587574, length=21, md5=683cf0c3a5a56cec94dfac94ca16d760

2022-10-05 18:58:45,125 INFO [dump-all-ok] store.db.url+SEATA_GROUP, 1664966593155, length=79, md5=030ea5ff5c2ef043adf9826c70570b0b

2022-10-05 18:58:45,125 INFO [dump-all-ok] store.db.user+SEATA_GROUP, 1664966594610, length=8, md5=14c4b06b824ec593239362517f538b29

2022-10-05 18:58:45,125 INFO [dump-all-ok] store.db.password+SEATA_GROUP, 1664966596339, length=8, md5=5f4dcc3b5aa765d61d8327deb882cf99

2022-10-05 18:58:45,125 INFO [dump-all-ok] store.db.minConn+SEATA_GROUP, 1664966597464, length=1, md5=e4da3b7fbbce2345d7772b0674a318d5

2022-10-05 18:58:45,125 INFO [dump-all-ok] store.db.maxConn+SEATA_GROUP, 1664966598735, length=2, md5=34173cb38f07f89ddbebc2ac9128303f

2022-10-05 18:58:45,125 INFO [dump-all-ok] store.db.globalTable+SEATA_GROUP, 1664966600812, length=12, md5=8b28fb6bb4c4f984df2709381f8eba2b

2022-10-05 18:58:45,125 INFO [dump-all-ok] store.db.branchTable+SEATA_GROUP, 1664966602976, length=12, md5=54bcdac38cf62e103fe115bcf46a660c

2022-10-05 18:58:45,125 INFO [dump-all-ok] store.db.distributedLockTable+SEATA_GROUP, 1664966605821, length=16, md5=26146b7a3a4907101617cb0f19bf613f

2022-10-05 18:58:45,126 INFO [dump-all-ok] store.db.queryLimit+SEATA_GROUP, 1664966607318, length=3, md5=f899139df5e1059396431415e770c6dd

2022-10-05 18:58:45,126 INFO [dump-all-ok] store.db.lockTable+SEATA_GROUP, 1664966609244, length=10, md5=55e0cae3b6dc6696b768db90098b8f2f

2022-10-05 18:58:45,126 INFO [dump-all-ok] store.db.maxWait+SEATA_GROUP, 1664966610689, length=4, md5=a35fe7f7fe8217b4369a0af4244d1fca

2022-10-05 18:58:45,126 INFO [dump-all-ok] store.redis.mode+SEATA_GROUP, 1664966612178, length=6, md5=dd5c07036f2975ff4bce568b6511d3bc

2022-10-05 18:58:45,126 INFO [dump-all-ok] store.redis.single.host+SEATA_GROUP, 1664966614299, length=9, md5=f528764d624db129b32c21fbca0cb8d6

2022-10-05 18:58:45,126 INFO [dump-all-ok] store.redis.single.port+SEATA_GROUP, 1664966616107, length=4, md5=92c3b916311a5517d9290576e3ea37ad

2022-10-05 18:58:45,126 INFO [dump-all-ok] store.redis.maxConn+SEATA_GROUP, 1664966621878, length=2, md5=d3d9446802a44259755d38e6d163e820

2022-10-05 18:58:45,126 INFO [dump-all-ok] store.redis.minConn+SEATA_GROUP, 1664966623283, length=1, md5=c4ca4238a0b923820dcc509a6f75849b

2022-10-05 18:58:45,127 INFO [dump-all-ok] store.redis.maxTotal+SEATA_GROUP, 1664966624841, length=3, md5=f899139df5e1059396431415e770c6dd

2022-10-05 18:58:45,127 INFO [dump-all-ok] store.redis.database+SEATA_GROUP, 1664966626326, length=1, md5=cfcd208495d565ef66e7dff9f98764da

2022-10-05 18:58:45,127 INFO [dump-all-ok] store.redis.queryLimit+SEATA_GROUP, 1664966629534, length=3, md5=f899139df5e1059396431415e770c6dd

2022-10-05 18:58:45,127 INFO [dump-all-ok] server.recovery.committingRetryPeriod+SEATA_GROUP, 1664966632170, length=4, md5=a9b7ba70783b617e9998dc4dd82eb3c5

2022-10-05 18:58:45,127 INFO [dump-all-ok] server.recovery.asynCommittingRetryPeriod+SEATA_GROUP, 1664966635079, length=4, md5=a9b7ba70783b617e9998dc4dd82eb3c5

2022-10-05 18:58:45,127 INFO [dump-all-ok] server.recovery.rollbackingRetryPeriod+SEATA_GROUP, 1664966637756, length=4, md5=a9b7ba70783b617e9998dc4dd82eb3c5

2022-10-05 18:58:45,127 INFO [dump-all-ok] server.recovery.timeoutRetryPeriod+SEATA_GROUP, 1664966640191, length=4, md5=a9b7ba70783b617e9998dc4dd82eb3c5

2022-10-05 18:58:45,127 INFO [dump-all-ok] server.maxCommitRetryTimeout+SEATA_GROUP, 1664966642128, length=2, md5=6bb61e3b7bce0931da574d19d1d82c88

2022-10-05 18:58:45,128 INFO [dump-all-ok] server.maxRollbackRetryTimeout+SEATA_GROUP, 1664966644278, length=2, md5=6bb61e3b7bce0931da574d19d1d82c88

2022-10-05 18:58:45,128 INFO [dump-all-ok] server.rollbackRetryTimeoutUnlockEnable+SEATA_GROUP, 1664966647045, length=5, md5=68934a3e9455fa72420237eb05902327

2022-10-05 18:58:45,128 INFO [dump-all-ok] server.distributedLockExpireTime+SEATA_GROUP, 1664966649482, length=5, md5=b7a782741f667201b54880c925faec4b

2022-10-05 18:58:45,128 INFO [dump-all-ok] server.xaerNotaRetryTimeout+SEATA_GROUP, 1664966651616, length=5, md5=2b4226dd7ed6eb2d419b881f3ae9c97c

2022-10-05 18:58:45,128 INFO [dump-all-ok] server.session.branchAsyncQueueSize+SEATA_GROUP, 1664966654228, length=4, md5=a35fe7f7fe8217b4369a0af4244d1fca

2022-10-05 18:58:45,128 INFO [dump-all-ok] server.session.enableBranchAsyncRemove+SEATA_GROUP, 1664966657028, length=5, md5=68934a3e9455fa72420237eb05902327

2022-10-05 18:58:45,128 INFO [dump-all-ok] server.enableParallelRequestHandle+SEATA_GROUP, 1664966659584, length=5, md5=68934a3e9455fa72420237eb05902327

2022-10-05 18:58:45,128 INFO [dump-all-ok] metrics.enabled+SEATA_GROUP, 1664966661002, length=5, md5=68934a3e9455fa72420237eb05902327

2022-10-05 18:58:45,129 INFO [dump-all-ok] metrics.registryType+SEATA_GROUP, 1664966662848, length=7, md5=7cf74ca49c304df8150205fc915cd465

2022-10-05 18:58:45,129 INFO [dump-all-ok] metrics.exporterList+SEATA_GROUP, 1664966664859, length=10, md5=e4f00638b8a10e6994e67af2f832d51c

2022-10-05 18:58:45,129 INFO [dump-all-ok] metrics.exporterPrometheusPort+SEATA_GROUP, 1664966667044, length=4, md5=7b9dc501afe4ee11c56a4831e20cee71

2022-10-05 18:58:45,129 INFO [dump-all-ok] service.vgroupMapping.bookservice-service-seata-service-group+SEATA_GROUP, 1664966964037, length=7, md5=c21f969b5f03d33d43e04f8f136e7682

2022-10-05 18:58:45,129 INFO [dump-all-ok] service.vgroupMapping.userservice-service-seata-service-group+SEATA_GROUP, 1664967001298, length=7, md5=c21f969b5f03d33d43e04f8f136e7682

2022-10-05 18:58:45,129 INFO [dump-all-ok] service.vgroupMapping.borrowservice-service-seata-service-group+SEATA_GROUP, 1664967012559, length=7, md5=c21f969b5f03d33d43e04f8f136e7682

2022-10-05 19:11:12,206 INFO [dump-task] add task. groupKey=service.vgroupMapping.bookservice-service-seata-service-group+SEATA_GROUP+7872ba05-825e-4dbb-9daf-71ccf39a35fd, taskKey=service.vgroupMapping.bookservice-service-seata-service-group+SEATA_GROUP+7872ba05-825e-4dbb-9daf-71ccf39a35fd+false+null

2022-10-05 19:11:23,812 INFO [dump-task] add task. groupKey=service.vgroupMapping.userservice-service-seata-service-group+SEATA_GROUP+7872ba05-825e-4dbb-9daf-71ccf39a35fd, taskKey=service.vgroupMapping.userservice-service-seata-service-group+SEATA_GROUP+7872ba05-825e-4dbb-9daf-71ccf39a35fd+false+null

2022-10-05 19:11:23,812 INFO [dump-task] add task. groupKey=service.vgroupMapping.borrowservice-service-seata-service-group+SEATA_GROUP+7872ba05-825e-4dbb-9daf-71ccf39a35fd, taskKey=service.vgroupMapping.borrowservice-service-seata-service-group+SEATA_GROUP+7872ba05-825e-4dbb-9daf-71ccf39a35fd+false+null

2022-10-05 19:11:44,507 INFO [dump-task] add task. groupKey=service.vgroupMapping.bookservice-seata-service-group+SEATA_GROUP+7872ba05-825e-4dbb-9daf-71ccf39a35fd, taskKey=service.vgroupMapping.bookservice-seata-service-group+SEATA_GROUP+7872ba05-825e-4dbb-9daf-71ccf39a35fd+false+null

2022-10-05 19:12:08,804 INFO [dump-task] add task. groupKey=service.vgroupMapping.userservice-seata-service-group+SEATA_GROUP+7872ba05-825e-4dbb-9daf-71ccf39a35fd, taskKey=service.vgroupMapping.userservice-seata-service-group+SEATA_GROUP+7872ba05-825e-4dbb-9daf-71ccf39a35fd+false+null

2022-10-05 19:12:16,113 INFO [dump-task] add task. groupKey=service.vgroupMapping.borrowservice-seata-service-group+SEATA_GROUP+7872ba05-825e-4dbb-9daf-71ccf39a35fd, taskKey=service.vgroupMapping.borrowservice-seata-service-group+SEATA_GROUP+7872ba05-825e-4dbb-9daf-71ccf39a35fd+false+null

