2022-10-05 09:13:14,887 INFO notifyConnectTimeout:200

2022-10-05 09:13:14,891 INFO notifySocketTimeout:8000

2022-10-05 09:13:14,891 INFO isHealthCheck:true

2022-10-05 09:13:14,891 INFO maxHealthCheckFailCount:12

2022-10-05 09:13:14,891 INFO maxContent:10485760

2022-10-05 09:13:18,791 INFO use local db service for init

2022-10-05 09:13:19,772 WARN Lexical error at line 4, column 66.  Encountered: <EOF> after : "".

2022-10-05 09:13:19,778 WARN Syntax error: Encountered "*" at line 1, column 1.

2022-10-05 09:13:19,868 WARN Table/View 'CONFIG_INFO' already exists in Schema 'NACOS'.

2022-10-05 09:13:19,978 WARN Table/View 'HIS_CONFIG_INFO' already exists in Schema 'NACOS'.

2022-10-05 09:13:19,996 WARN Table/View 'CONFIG_INFO_BETA' already exists in Schema 'NACOS'.

2022-10-05 09:13:20,005 WARN Table/View 'CONFIG_INFO_TAG' already exists in Schema 'NACOS'.

2022-10-05 09:13:20,013 WARN Table/View 'CONFIG_INFO_AGGR' already exists in Schema 'NACOS'.

2022-10-05 09:13:20,022 WARN Table/View 'APP_LIST' already exists in Schema 'NACOS'.

2022-10-05 09:13:20,029 WARN Table/View 'APP_CONFIGDATA_RELATION_SUBS' already exists in Schema 'NACOS'.

2022-10-05 09:13:20,039 WARN Table/View 'APP_CONFIGDATA_RELATION_PUBS' already exists in Schema 'NACOS'.

2022-10-05 09:13:20,046 WARN Table/View 'CONFIG_TAGS_RELATION' already exists in Schema 'NACOS'.

2022-10-05 09:13:20,059 WARN Table/View 'GROUP_CAPACITY' already exists in Schema 'NACOS'.

2022-10-05 09:13:20,067 WARN Table/View 'TENANT_CAPACITY' already exists in Schema 'NACOS'.

2022-10-05 09:13:20,073 WARN Table/View 'TENANT_INFO' already exists in Schema 'NACOS'.

2022-10-05 09:13:20,084 WARN Table/View 'USERS' already exists in Schema 'NACOS'.

2022-10-05 09:13:20,092 WARN Table/View 'ROLES' already exists in Schema 'NACOS'.

2022-10-05 09:13:20,099 WARN Table/View 'PERMISSIONS' already exists in Schema 'NACOS'.

2022-10-05 09:13:20,220 WARN The statement was aborted because it would have caused a duplicate key value in a unique or primary key constraint or unique index identified by 'SQL221003104901990' defined on 'USERS'.

2022-10-05 09:13:20,234 WARN The statement was aborted because it would have caused a duplicate key value in a unique or primary key constraint or unique index identified by 'UK_USERNAME_ROLE' defined on 'ROLES'.

2022-10-05 09:13:20,235 WARN Lexical error at line 4, column 13.  Encountered: "`" (96), after : "".

2022-10-05 09:13:20,235 WARN Lexical error at line 1, column 13.  Encountered: "`" (96), after : "".

2022-10-05 09:13:20,235 WARN Lexical error at line 1, column 13.  Encountered: "`" (96), after : "".

2022-10-05 09:13:20,235 WARN Lexical error at line 1, column 13.  Encountered: "`" (96), after : "".

2022-10-05 09:13:20,235 INFO use StandaloneDatabaseOperateImpl

2022-10-05 09:13:21,809 WARN DumpService start

2022-10-05 09:13:21,810 INFO start clear all config-info.

2022-10-05 09:13:21,811 WARN clear all config-info failed.

2022-10-05 09:13:21,811 WARN clear all config-info-tenant failed.

2022-10-05 09:13:22,138 INFO [all-dump] 550972227907395584 / 550972227907395584

2022-10-05 09:13:22,138 INFO start clear all config-info-beta.

2022-10-05 09:13:22,138 WARN clear all config-info-beta failed.

2022-10-05 09:13:22,139 WARN clear all config-info-beta-tenant failed.

2022-10-05 09:13:22,171 INFO start clear all config-info-tag.

2022-10-05 09:13:22,171 WARN clear all config-info-tag failed.

2022-10-05 09:13:22,171 WARN clear all config-info-tag-tenant failed.

