2022-10-04 08:51:38,148 INFO Starting Nacos v1.4.3 on Wahoyu with PID 9456 (E:\JavaWorkspace\SpringCloudAlibaba\nacos\target\nacos-server.jar started by 64570 in E:\JavaWorkspace\SpringCloudAlibaba)

2022-10-04 08:51:38,149 INFO The following profiles are active: standalone

2022-10-04 08:51:40,354 INFO Bean 'org.springframework.security.access.expression.method.DefaultMethodSecurityExpressionHandler@1df8da7a' of type [org.springframework.security.access.expression.method.DefaultMethodSecurityExpressionHandler] is not eligible for getting processed by all BeanPostProcessors (for example: not eligible for auto-proxying)

2022-10-04 08:51:40,361 INFO Bean 'methodSecurityMetadataSource' of type [org.springframework.security.access.method.DelegatingMethodSecurityMetadataSource] is not eligible for getting processed by all BeanPostProcessors (for example: not eligible for auto-proxying)

2022-10-04 08:51:41,165 INFO Tomcat initialized with port(s): 8848 (http)

2022-10-04 08:51:41,230 INFO Starting service [Tomcat]

2022-10-04 08:51:41,230 INFO Starting Servlet engine: [Apache Tomcat/9.0.38]

2022-10-04 08:51:41,750 INFO At least one JAR was scanned for TLDs yet contained no TLDs. Enable debug logging for this logger for a complete list of JARs that were scanned but no TLDs were found in them. Skipping unneeded JARs during scanning can improve startup time and JSP compilation time.

2022-10-04 08:51:41,812 INFO Initializing Spring embedded WebApplicationContext

2022-10-04 08:51:41,812 INFO Root WebApplicationContext: initialization completed in 3593 ms

2022-10-04 08:51:42,427 INFO HikariPool-1 - Starting...

2022-10-04 08:51:42,430 WARN Registered driver with driverClassName=org.apache.derby.jdbc.EmbeddedDriver was not found, trying direct instantiation.

2022-10-04 08:51:42,979 INFO HikariPool-1 - Driver does not support get/set network timeout for connections. (Feature not implemented: No details.)

2022-10-04 08:51:42,982 INFO HikariPool-1 - Start completed.

2022-10-04 08:51:44,391 INFO Nacos-related cluster resource initialization

2022-10-04 08:51:44,400 INFO The cluster resource is initialized

2022-10-04 08:51:44,798 INFO Reflections took 47 ms to scan 1 urls, producing 4 keys and 6 values 

2022-10-04 08:51:44,829 INFO Reflections took 4 ms to scan 1 urls, producing 6 keys and 26 values 

2022-10-04 08:51:44,844 INFO Reflections took 3 ms to scan 1 urls, producing 3 keys and 15 values 

2022-10-04 08:51:44,851 INFO Reflections took 2 ms to scan 1 urls, producing 2 keys and 12 values 

2022-10-04 08:51:45,781 INFO Initializing ExecutorService 'applicationTaskExecutor'

2022-10-04 08:51:45,895 INFO Adding welcome page: class path resource [static/index.html]

2022-10-04 08:51:46,309 INFO Creating filter chain: Ant [pattern='/**'], []

2022-10-04 08:51:46,337 INFO Creating filter chain: any request, [org.springframework.security.web.context.request.async.WebAsyncManagerIntegrationFilter@1c98290c, org.springframework.security.web.context.SecurityContextPersistenceFilter@41fe9859, org.springframework.security.web.header.HeaderWriterFilter@3e2943ab, org.springframework.security.web.csrf.CsrfFilter@184497d1, org.springframework.security.web.authentication.logout.LogoutFilter@63c5efee, org.springframework.security.web.savedrequest.RequestCacheAwareFilter@6c67e137, org.springframework.security.web.servletapi.SecurityContextHolderAwareRequestFilter@9635fa, org.springframework.security.web.authentication.AnonymousAuthenticationFilter@172ca72b, org.springframework.security.web.session.SessionManagementFilter@4a9f80d3, org.springframework.security.web.access.ExceptionTranslationFilter@6ffab045]

2022-10-04 08:51:46,411 INFO Initializing ExecutorService 'taskScheduler'

2022-10-04 08:51:46,428 INFO Exposing 2 endpoint(s) beneath base path '/actuator'

2022-10-04 08:51:46,512 INFO Tomcat started on port(s): 8848 (http) with context path '/nacos'

2022-10-04 08:51:46,516 INFO Started Nacos in 10.872 seconds (JVM running for 13.188)

2022-10-04 08:51:46,517 INFO Nacos started successfully in stand alone mode. use embedded storage

2022-10-04 08:53:34,346 INFO Initializing Spring DispatcherServlet 'dispatcherServlet'

2022-10-04 08:53:34,346 INFO Initializing Servlet 'dispatcherServlet'

2022-10-04 08:53:34,356 INFO Completed initialization in 9 ms

2022-10-04 09:01:45,055 INFO [capacityManagement] start correct usage

2022-10-04 09:01:45,105 INFO [capacityManagement] end correct usage, cost: 0s

2022-10-04 09:01:45,485 WARN clearConfigHistory start

2022-10-04 09:11:45,119 INFO [capacityManagement] start correct usage

2022-10-04 09:11:45,119 INFO [capacityManagement] end correct usage, cost: 0s

2022-10-04 09:11:45,504 WARN clearConfigHistory start

2022-10-04 09:21:45,134 INFO [capacityManagement] start correct usage

2022-10-04 09:21:45,135 INFO [capacityManagement] end correct usage, cost: 0s

2022-10-04 09:21:45,520 WARN clearConfigHistory start

2022-10-04 09:31:45,151 INFO [capacityManagement] start correct usage

2022-10-04 09:31:45,151 INFO [capacityManagement] end correct usage, cost: 0s

2022-10-04 09:31:45,534 WARN clearConfigHistory start

