2022-10-03 10:49:33,210 INFO PERFORMANCE:|0|0|-1|-1

2022-10-03 10:51:44,694 INFO PERFORMANCE:|0|0|-1|-1

2022-10-03 10:58:20,494 INFO PERFORMANCE:|0|0|-1|-1

2022-10-03 11:03:20,502 INFO PERFORMANCE:|0|0|-1|-1

2022-10-03 11:08:20,514 INFO PERFORMANCE:|0|0|-1|-1

2022-10-03 11:13:20,527 INFO PERFORMANCE:|0|0|-1|-1

2022-10-03 11:18:20,536 INFO PERFORMANCE:|0|0|-1|-1

2022-10-03 11:23:20,537 INFO PERFORMANCE:|0|0|-1|-1

2022-10-03 11:28:20,545 INFO PERFORMANCE:|0|0|-1|-1

2022-10-03 11:33:20,550 INFO PERFORMANCE:|0|0|-1|-1

2022-10-03 11:38:20,563 INFO PERFORMANCE:|0|0|-1|-1

2022-10-03 11:43:20,576 INFO PERFORMANCE:|0|0|-1|-1

2022-10-03 11:48:20,586 INFO PERFORMANCE:|0|0|-1|-1

2022-10-03 11:53:20,587 INFO PERFORMANCE:|0|0|-1|-1

2022-10-03 11:58:20,594 INFO PERFORMANCE:|0|0|-1|-1

2022-10-03 12:03:20,605 INFO PERFORMANCE:|0|0|-1|-1

2022-10-03 12:08:20,615 INFO PERFORMANCE:|0|0|-1|-1

2022-10-03 12:13:20,621 INFO PERFORMANCE:|0|0|-1|-1

2022-10-03 12:18:20,627 INFO PERFORMANCE:|0|0|-1|-1

2022-10-03 12:23:20,634 INFO PERFORMANCE:|0|0|-1|-1

2022-10-03 12:28:20,645 INFO PERFORMANCE:|0|0|-1|-1

2022-10-03 12:33:20,659 INFO PERFORMANCE:|1|1|-1|-1

2022-10-03 12:34:07,392 INFO PERFORMANCE:|1|1|-1|-1

2022-10-03 12:39:07,410 INFO PERFORMANCE:|3|3|-1|-1

2022-10-03 12:44:07,424 INFO PERFORMANCE:|3|3|-1|-1

2022-10-03 12:49:07,428 INFO PERFORMANCE:|3|3|-1|-1

2022-10-03 12:54:07,433 INFO PERFORMANCE:|3|3|-1|-1

2022-10-03 12:59:07,447 INFO PERFORMANCE:|3|3|-1|-1

2022-10-03 13:04:07,459 INFO PERFORMANCE:|3|3|-1|-1

2022-10-03 13:09:07,469 INFO PERFORMANCE:|3|3|-1|-1

2022-10-03 13:14:07,473 INFO PERFORMANCE:|3|3|-1|-1

2022-10-03 13:19:07,475 INFO PERFORMANCE:|3|3|-1|-1

